2026-05-26 00:00:02.389 [pool-3-thread-1] [] INFO  scheduler.OrderExpiryScheduler - [ORDER EXPIRY] Đang kiểm tra các order hết hạn...
2026-05-26 00:00:07.591 [pool-3-thread-1] [] INFO  scheduler.OrderExpiryScheduler - [ORDER EXPIRY] Đang kiểm tra các order hết hạn...
2026-05-26 00:00:12.475 [pool-3-thread-1] [] INFO  scheduler.OrderExpiryScheduler - [ORDER EXPIRY] Đang kiểm tra các order hết hạn...
2026-05-26 00:00:17.390 [pool-3-thread-1] [] INFO  scheduler.OrderExpiryScheduler - [ORDER EXPIRY] Đang kiểm tra các order hết hạn...
2026-05-26 00:00:22.389 [pool-3-thread-1] [] INFO  scheduler.OrderExpiryScheduler - [ORDER EXPIRY] Đang kiểm tra các order hết hạn...
2026-05-26 00:00:27.389 [pool-3-thread-1] [] INFO  scheduler.OrderExpiryScheduler - [ORDER EXPIRY] Đang kiểm tra các order hết hạn...
2026-05-26 00:00:32.389 [pool-3-thread-1] [] INFO  scheduler.OrderExpiryScheduler - [ORDER EXPIRY] Đang kiểm tra các order hết hạn...
2026-05-26 00:00:37.388 [pool-3-thread-1] [] INFO  scheduler.OrderExpiryScheduler - [ORDER EXPIRY] Đang kiểm tra các order hết hạn...
2026-05-26 00:00:42.389 [pool-3-thread-1] [] INFO  scheduler.OrderExpiryScheduler - [ORDER EXPIRY] Đang kiểm tra các order hết hạn...
2026-05-26 00:00:43.368 [main] [] INFO  com.zaxxer.hikari.HikariDataSource - HikariPool-1 - Starting...
2026-05-26 00:00:45.006 [main] [] INFO  com.zaxxer.hikari.pool.HikariPool - HikariPool-1 - Added connection com.mysql.cj.jdbc.ConnectionImpl@4535b6d5
2026-05-26 00:00:45.008 [main] [] INFO  com.zaxxer.hikari.HikariDataSource - HikariPool-1 - Start completed.
2026-05-26 00:00:45.008 [main] [] INFO  config.DatabaseConnection - [DB] Connection pool đã khởi tạo thành công.
2026-05-26 00:00:47.390 [pool-3-thread-1] [] INFO  scheduler.OrderExpiryScheduler - [ORDER EXPIRY] Đang kiểm tra các order hết hạn...
2026-05-26 00:00:52.388 [pool-3-thread-1] [] INFO  scheduler.OrderExpiryScheduler - [ORDER EXPIRY] Đang kiểm tra các order hết hạn...
2026-05-26 00:00:57.388 [pool-3-thread-1] [] INFO  scheduler.OrderExpiryScheduler - [ORDER EXPIRY] Đang kiểm tra các order hết hạn...
2026-05-26 00:01:02.390 [pool-3-thread-1] [] INFO  scheduler.OrderExpiryScheduler - [ORDER EXPIRY] Đang kiểm tra các order hết hạn...
2026-05-26 00:01:07.388 [pool-3-thread-1] [] INFO  scheduler.OrderExpiryScheduler - [ORDER EXPIRY] Đang kiểm tra các order hết hạn...
2026-05-26 00:01:12.389 [pool-3-thread-1] [] INFO  scheduler.OrderExpiryScheduler - [ORDER EXPIRY] Đang kiểm tra các order hết hạn...
2026-05-26 00:01:17.388 [pool-3-thread-1] [] INFO  scheduler.OrderExpiryScheduler - [ORDER EXPIRY] Đang kiểm tra các order hết hạn...
2026-05-26 00:01:22.389 [pool-3-thread-1] [] INFO  scheduler.OrderExpiryScheduler - [ORDER EXPIRY] Đang kiểm tra các order hết hạn...
2026-05-26 00:01:27.390 [pool-3-thread-1] [] INFO  scheduler.OrderExpiryScheduler - [ORDER EXPIRY] Đang kiểm tra các order hết hạn...
2026-05-26 00:01:32.388 [pool-3-thread-1] [] INFO  scheduler.OrderExpiryScheduler - [ORDER EXPIRY] Đang kiểm tra các order hết hạn...
2026-05-26 00:01:37.389 [pool-3-thread-1] [] INFO  scheduler.OrderExpiryScheduler - [ORDER EXPIRY] Đang kiểm tra các order hết hạn...
2026-05-26 00:01:42.390 [pool-3-thread-1] [] INFO  scheduler.OrderExpiryScheduler - [ORDER EXPIRY] Đang kiểm tra các order hết hạn...
2026-05-26 00:01:47.389 [pool-3-thread-1] [] INFO  scheduler.OrderExpiryScheduler - [ORDER EXPIRY] Đang kiểm tra các order hết hạn...
2026-05-26 00:01:52.389 [pool-3-thread-1] [] INFO  scheduler.OrderExpiryScheduler - [ORDER EXPIRY] Đang kiểm tra các order hết hạn...
2026-05-26 00:01:57.389 [pool-3-thread-1] [] INFO  scheduler.OrderExpiryScheduler - [ORDER EXPIRY] Đang kiểm tra các order hết hạn...
2026-05-26 00:02:02.388 [pool-3-thread-1] [] INFO  scheduler.OrderExpiryScheduler - [ORDER EXPIRY] Đang kiểm tra các order hết hạn...
2026-05-26 00:02:07.390 [pool-3-thread-1] [] INFO  scheduler.OrderExpiryScheduler - [ORDER EXPIRY] Đang kiểm tra các order hết hạn...
2026-05-26 00:02:12.389 [pool-3-thread-1] [] INFO  scheduler.OrderExpiryScheduler - [ORDER EXPIRY] Đang kiểm tra các order hết hạn...
2026-05-26 00:02:17.389 [pool-3-thread-1] [] INFO  scheduler.OrderExpiryScheduler - [ORDER EXPIRY] Đang kiểm tra các order hết hạn...
2026-05-26 00:02:22.389 [pool-3-thread-1] [] INFO  scheduler.OrderExpiryScheduler - [ORDER EXPIRY] Đang kiểm tra các order hết hạn...
2026-05-26 00:02:27.389 [pool-3-thread-1] [] INFO  scheduler.OrderExpiryScheduler - [ORDER EXPIRY] Đang kiểm tra các order hết hạn...
2026-05-26 00:02:29.772 [pool-1-thread-1] [User:ae478d21-901a-4b12-a3d2-c6e655733fd2] INFO  servercontroller.Server - Client đã hủy đăng ký: ae478d21-901a-4b12-a3d2-c6e655733fd2
2026-05-26 00:02:30.922 [pool-1-thread-1] [User:ae478d21-901a-4b12-a3d2-c6e655733fd2] INFO  servercontroller.ClientHandler - Client đã ngắt kết nối (đóng ứng dụng).
2026-05-26 00:02:30.923 [pool-1-thread-1] [User:ae478d21-901a-4b12-a3d2-c6e655733fd2] INFO  servercontroller.Server - Client đã hủy đăng ký: ae478d21-901a-4b12-a3d2-c6e655733fd2
2026-05-26 00:02:30.923 [pool-1-thread-1] [User:ae478d21-901a-4b12-a3d2-c6e655733fd2] INFO  servercontroller.ClientHandler - Kết nối client đóng.
2026-05-26 00:02:32.390 [pool-3-thread-1] [] INFO  scheduler.OrderExpiryScheduler - [ORDER EXPIRY] Đang kiểm tra các order hết hạn...
2026-05-26 00:02:37.389 [pool-3-thread-1] [] INFO  scheduler.OrderExpiryScheduler - [ORDER EXPIRY] Đang kiểm tra các order hết hạn...
2026-05-26 00:02:42.389 [pool-3-thread-1] [] INFO  scheduler.OrderExpiryScheduler - [ORDER EXPIRY] Đang kiểm tra các order hết hạn...
2026-05-26 00:02:47.388 [pool-3-thread-1] [] INFO  scheduler.OrderExpiryScheduler - [ORDER EXPIRY] Đang kiểm tra các order hết hạn...
2026-05-26 00:02:52.388 [pool-3-thread-1] [] INFO  scheduler.OrderExpiryScheduler - [ORDER EXPIRY] Đang kiểm tra các order hết hạn...
2026-05-26 00:02:57.390 [pool-3-thread-1] [] INFO  scheduler.OrderExpiryScheduler - [ORDER EXPIRY] Đang kiểm tra các order hết hạn...
2026-05-26 00:03:02.389 [pool-3-thread-1] [] INFO  scheduler.OrderExpiryScheduler - [ORDER EXPIRY] Đang kiểm tra các order hết hạn...
2026-05-26 00:03:07.390 [pool-3-thread-1] [] INFO  scheduler.OrderExpiryScheduler - [ORDER EXPIRY] Đang kiểm tra các order hết hạn...
2026-05-26 00:03:12.389 [pool-3-thread-1] [] INFO  scheduler.OrderExpiryScheduler - [ORDER EXPIRY] Đang kiểm tra các order hết hạn...
2026-05-26 00:03:17.390 [pool-3-thread-1] [] INFO  scheduler.OrderExpiryScheduler - [ORDER EXPIRY] Đang kiểm tra các order hết hạn...
2026-05-26 00:03:22.390 [pool-3-thread-1] [] INFO  scheduler.OrderExpiryScheduler - [ORDER EXPIRY] Đang kiểm tra các order hết hạn...
2026-05-26 00:03:27.389 [pool-3-thread-1] [] INFO  scheduler.OrderExpiryScheduler - [ORDER EXPIRY] Đang kiểm tra các order hết hạn...
2026-05-26 00:03:32.389 [pool-3-thread-1] [] INFO  scheduler.OrderExpiryScheduler - [ORDER EXPIRY] Đang kiểm tra các order hết hạn...
2026-05-26 00:03:37.389 [pool-3-thread-1] [] INFO  scheduler.OrderExpiryScheduler - [ORDER EXPIRY] Đang kiểm tra các order hết hạn...
2026-05-26 00:03:42.390 [pool-3-thread-1] [] INFO  scheduler.OrderExpiryScheduler - [ORDER EXPIRY] Đang kiểm tra các order hết hạn...
2026-05-26 00:03:47.390 [pool-3-thread-1] [] INFO  scheduler.OrderExpiryScheduler - [ORDER EXPIRY] Đang kiểm tra các order hết hạn...
2026-05-26 00:03:52.389 [pool-3-thread-1] [] INFO  scheduler.OrderExpiryScheduler - [ORDER EXPIRY] Đang kiểm tra các order hết hạn...
2026-05-26 00:03:57.388 [pool-3-thread-1] [] INFO  scheduler.OrderExpiryScheduler - [ORDER EXPIRY] Đang kiểm tra các order hết hạn...
2026-05-26 00:04:02.388 [pool-3-thread-1] [] INFO  scheduler.OrderExpiryScheduler - [ORDER EXPIRY] Đang kiểm tra các order hết hạn...
2026-05-26 00:04:07.389 [pool-3-thread-1] [] INFO  scheduler.OrderExpiryScheduler - [ORDER EXPIRY] Đang kiểm tra các order hết hạn...
2026-05-26 00:04:12.390 [pool-3-thread-1] [] INFO  scheduler.OrderExpiryScheduler - [ORDER EXPIRY] Đang kiểm tra các order hết hạn...
2026-05-26 00:04:17.389 [pool-3-thread-1] [] INFO  scheduler.OrderExpiryScheduler - [ORDER EXPIRY] Đang kiểm tra các order hết hạn...
2026-05-26 00:04:22.388 [pool-3-thread-1] [] INFO  scheduler.OrderExpiryScheduler - [ORDER EXPIRY] Đang kiểm tra các order hết hạn...
2026-05-26 00:04:27.389 [pool-3-thread-1] [] INFO  scheduler.OrderExpiryScheduler - [ORDER EXPIRY] Đang kiểm tra các order hết hạn...
2026-05-26 00:04:32.389 [pool-3-thread-1] [] INFO  scheduler.OrderExpiryScheduler - [ORDER EXPIRY] Đang kiểm tra các order hết hạn...
2026-05-26 00:04:37.390 [pool-3-thread-1] [] INFO  scheduler.OrderExpiryScheduler - [ORDER EXPIRY] Đang kiểm tra các order hết hạn...
2026-05-26 00:04:42.389 [pool-3-thread-1] [] INFO  scheduler.OrderExpiryScheduler - [ORDER EXPIRY] Đang kiểm tra các order hết hạn...
2026-05-26 00:04:47.388 [pool-3-thread-1] [] INFO  scheduler.OrderExpiryScheduler - [ORDER EXPIRY] Đang kiểm tra các order hết hạn...
2026-05-26 00:04:52.389 [pool-3-thread-1] [] INFO  scheduler.OrderExpiryScheduler - [ORDER EXPIRY] Đang kiểm tra các order hết hạn...
2026-05-26 00:04:57.391 [pool-3-thread-1] [] INFO  scheduler.OrderExpiryScheduler - [ORDER EXPIRY] Đang kiểm tra các order hết hạn...
2026-05-26 00:05:02.389 [pool-3-thread-1] [] INFO  scheduler.OrderExpiryScheduler - [ORDER EXPIRY] Đang kiểm tra các order hết hạn...
2026-05-26 00:05:07.389 [pool-3-thread-1] [] INFO  scheduler.OrderExpiryScheduler - [ORDER EXPIRY] Đang kiểm tra các order hết hạn...
2026-05-26 00:05:12.390 [pool-3-thread-1] [] INFO  scheduler.OrderExpiryScheduler - [ORDER EXPIRY] Đang kiểm tra các order hết hạn...
